Determining if the function strlcat exists failed with the following output:
Change Dir: /home/michalis/Documents/CSD/CS150/Assignments/Assignment_3/_helloWorld_fltk_gui_chapter12/build/CMakeFiles/CMakeTmp

Run Build Command(s):/usr/bin/gmake -f Makefile cmTC_f9172/fast && /usr/bin/gmake  -f CMakeFiles/cmTC_f9172.dir/build.make CMakeFiles/cmTC_f9172.dir/build
gmake[1]: Entering directory '/home/michalis/Documents/CSD/CS150/Assignments/Assignment_3/_helloWorld_fltk_gui_chapter12/build/CMakeFiles/CMakeTmp'
Building C object CMakeFiles/cmTC_f9172.dir/CheckFunctionExists.c.o
/usr/bin/c89-gcc   -DCHECK_FUNCTION_EXISTS=strlcat -o CMakeFiles/cmTC_f9172.dir/CheckFunctionExists.c.o -c /usr/share/cmake-3.22/Modules/CheckFunctionExists.c
Linking C executable cmTC_f9172
/usr/bin/cmake -E cmake_link_script CMakeFiles/cmTC_f9172.dir/link.txt --verbose=1
/usr/bin/c89-gcc  -DCHECK_FUNCTION_EXISTS=strlcat -rdynamic CMakeFiles/cmTC_f9172.dir/CheckFunctionExists.c.o -o cmTC_f9172 
/usr/bin/ld: CMakeFiles/cmTC_f9172.dir/CheckFunctionExists.c.o: in function `main':
CheckFunctionExists.c:(.text+0x14): undefined reference to `strlcat'
collect2: error: ld returned 1 exit status
gmake[1]: *** [CMakeFiles/cmTC_f9172.dir/build.make:99: cmTC_f9172] Error 1
gmake[1]: Leaving directory '/home/michalis/Documents/CSD/CS150/Assignments/Assignment_3/_helloWorld_fltk_gui_chapter12/build/CMakeFiles/CMakeTmp'
gmake: *** [Makefile:127: cmTC_f9172/fast] Error 2



Determining if the function strlcpy exists failed with the following output:
Change Dir: /home/michalis/Documents/CSD/CS150/Assignments/Assignment_3/_helloWorld_fltk_gui_chapter12/build/CMakeFiles/CMakeTmp

Run Build Command(s):/usr/bin/gmake -f Makefile cmTC_c52d0/fast && /usr/bin/gmake  -f CMakeFiles/cmTC_c52d0.dir/build.make CMakeFiles/cmTC_c52d0.dir/build
gmake[1]: Entering directory '/home/michalis/Documents/CSD/CS150/Assignments/Assignment_3/_helloWorld_fltk_gui_chapter12/build/CMakeFiles/CMakeTmp'
Building C object CMakeFiles/cmTC_c52d0.dir/CheckFunctionExists.c.o
/usr/bin/c89-gcc   -DCHECK_FUNCTION_EXISTS=strlcpy -o CMakeFiles/cmTC_c52d0.dir/CheckFunctionExists.c.o -c /usr/share/cmake-3.22/Modules/CheckFunctionExists.c
Linking C executable cmTC_c52d0
/usr/bin/cmake -E cmake_link_script CMakeFiles/cmTC_c52d0.dir/link.txt --verbose=1
/usr/bin/c89-gcc  -DCHECK_FUNCTION_EXISTS=strlcpy -rdynamic CMakeFiles/cmTC_c52d0.dir/CheckFunctionExists.c.o -o cmTC_c52d0 
/usr/bin/ld: CMakeFiles/cmTC_c52d0.dir/CheckFunctionExists.c.o: in function `main':
CheckFunctionExists.c:(.text+0x14): undefined reference to `strlcpy'
collect2: error: ld returned 1 exit status
gmake[1]: *** [CMakeFiles/cmTC_c52d0.dir/build.make:99: cmTC_c52d0] Error 1
gmake[1]: Leaving directory '/home/michalis/Documents/CSD/CS150/Assignments/Assignment_3/_helloWorld_fltk_gui_chapter12/build/CMakeFiles/CMakeTmp'
gmake: *** [Makefile:127: cmTC_c52d0/fast] Error 2



